"Start of log file."
"E:/UNITYP~1/MIPAPR~1/Assets/3DS_MA~1/主界面~1.MAX"
"Starting max loading and fbx conversion"
window = undefined
"Settings units"
"Before fbx export"
"After fbx export"
"Finished max loading and fbx conversion"
"E:/UNITYP~1/MIPAPR~1/Assets/3DS_MA~1/卡组设~1.MAX"
"Starting max loading and fbx conversion"
window = undefined
"Settings units"
"Before fbx export"
"After fbx export"
"Finished max loading and fbx conversion"
"E:/UNITYP~1/MIPAPR~1/Assets/3DS_MA~1/游戏场~1.MAX"
"Starting max loading and fbx conversion"
window = undefined
"Settings units"
"Before fbx export"
"After fbx export"
"Finished max loading and fbx conversion"
